# JRE version: Java(TM) SE Runtime Environment (8.0_60-b27) (build 1.8.0_60-b27)
# Java VM: Java HotSpot(TM) 64-Bit Server VM (25.60-b23 mixed mode bsd-amd64 compressed oops)
Heap:
 PSYoungGen      total 144384K, used 139107K [0x0000000795580000, 0x000000079f180000, 0x00000007c0000000)
  eden space 132096K, 97% used [0x0000000795580000,0x000000079d353458,0x000000079d680000)
  from space 12288K, 83% used [0x000000079e380000,0x000000079ed85ad0,0x000000079ef80000)
  to   space 13312K, 0% used [0x000000079d680000,0x000000079d680000,0x000000079e380000)
 ParOldGen       total 87552K, used 13155K [0x0000000740000000, 0x0000000745580000, 0x0000000795580000)
  object space 87552K, 15% used [0x0000000740000000,0x0000000740cd8f70,0x0000000745580000)
 Metaspace       used 10913K, capacity 11102K, committed 11392K, reserved 1058816K
  class space    used 1294K, capacity 1372K, committed 1408K, reserved 1048576K
GC Heap History (10 events):
Event: 7.126 GC heap before
{Heap before GC invocations=2 (full 0):
 PSYoungGen      total 38400K, used 37907K [0x0000000795580000, 0x0000000798000000, 0x00000007c0000000)
  eden space 33280K, 99% used [0x0000000795580000,0x00000007975d78e0,0x0000000797600000)
  from space 5120K, 93% used [0x0000000797600000,0x0000000797aad600,0x0000000797b00000)
  to   space 5120K, 0% used [0x0000000797b00000,0x0000000797b00000,0x0000000798000000)
 ParOldGen       total 87552K, used 600K [0x0000000740000000, 0x0000000745580000, 0x0000000795580000)
  object space 87552K, 0% used [0x0000000740000000,0x0000000740096198,0x0000000745580000)
 Metaspace       used 10535K, capacity 10714K, committed 10880K, reserved 1058816K
  class space    used 1260K, capacity 1334K, committed 1408K, reserved 1048576K
Event: 7.153 GC heap after
Heap after GC invocations=2 (full 0):
 PSYoungGen      total 38400K, used 5104K [0x0000000795580000, 0x000000079a080000, 0x00000007c0000000)
  eden space 33280K, 0% used [0x0000000795580000,0x0000000795580000,0x0000000797600000)
  from space 5120K, 99% used [0x0000000797b00000,0x0000000797ffc210,0x0000000798000000)
  to   space 5120K, 0% used [0x0000000797600000,0x0000000797600000,0x0000000797b00000)
 ParOldGen       total 87552K, used 1720K [0x0000000740000000, 0x0000000745580000, 0x0000000795580000)
  object space 87552K, 1% used [0x0000000740000000,0x00000007401ae198,0x0000000745580000)
 Metaspace       used 10535K, capacity 10714K, committed 10880K, reserved 1058816K
  class space    used 1260K, capacity 1334K, committed 1408K, reserved 1048576K
}
Event: 8.641 GC heap before
{Heap before GC invocations=3 (full 0):
 PSYoungGen      total 38400K, used 38384K [0x0000000795580000, 0x000000079a080000, 0x00000007c0000000)
  eden space 33280K, 100% used [0x0000000795580000,0x0000000797600000,0x0000000797600000)
  from space 5120K, 99% used [0x0000000797b00000,0x0000000797ffc210,0x0000000798000000)
  to   space 5120K, 0% used [0x0000000797600000,0x0000000797600000,0x0000000797b00000)
 ParOldGen       total 87552K, used 1833K [0x0000000740000000, 0x0000000745580000, 0x0000000795580000)
  object space 87552K, 2% used [0x0000000740000000,0x00000007401ca798,0x0000000745580000)
 Metaspace       used 10660K, capacity 10874K, committed 11136K, reserved 1058816K
  class space    used 1281K, capacity 1366K, committed 1408K, reserved 1048576K
Event: 8.672 GC heap after
Heap after GC invocations=3 (full 0):
 PSYoungGen      total 38400K, used 5111K [0x0000000795580000, 0x000000079a080000, 0x00000007c0000000)
  eden space 33280K, 0% used [0x0000000795580000,0x0000000795580000,0x0000000797600000)
  from space 5120K, 99% used [0x0000000797600000,0x0000000797afddd8,0x0000000797b00000)
  to   space 5120K, 0% used [0x0000000799b80000,0x0000000799b80000,0x000000079a080000)
 ParOldGen       total 87552K, used 3665K [0x0000000740000000, 0x0000000745580000, 0x0000000795580000)
  object space 87552K, 4% used [0x0000000740000000,0x0000000740394798,0x0000000745580000)
 Metaspace       used 10660K, capacity 10874K, committed 11136K, reserved 1058816K
  class space    used 1281K, capacity 1366K, committed 1408K, reserved 1048576K
}
Event: 10.144 GC heap before
{Heap before GC invocations=4 (full 0):
 PSYoungGen      total 38400K, used 38391K [0x0000000795580000, 0x000000079a080000, 0x00000007c0000000)
  eden space 33280K, 100% used [0x0000000795580000,0x0000000797600000,0x0000000797600000)
  from space 5120K, 99% used [0x0000000797600000,0x0000000797afddd8,0x0000000797b00000)
  to   space 5120K, 0% used [0x0000000799b80000,0x0000000799b80000,0x000000079a080000)
 ParOldGen       total 87552K, used 3667K [0x0000000740000000, 0x0000000745580000, 0x0000000795580000)
  object space 87552K, 4% used [0x0000000740000000,0x0000000740394f70,0x0000000745580000)
 Metaspace       used 10671K, capacity 10874K, committed 11136K, reserved 1058816K
  class space    used 1281K, capacity 1366K, committed 1408K, reserved 1048576K
Event: 10.174 GC heap after
Heap after GC invocations=4 (full 0):
 PSYoungGen      total 71680K, used 5120K [0x0000000795580000, 0x000000079a080000, 0x00000007c0000000)
  eden space 66560K, 0% used [0x0000000795580000,0x0000000795580000,0x0000000799680000)
  from space 5120K, 100% used [0x0000000799b80000,0x000000079a080000,0x000000079a080000)
  to   space 5120K, 0% used [0x0000000799680000,0x0000000799680000,0x0000000799b80000)
 ParOldGen       total 87552K, used 5115K [0x0000000740000000, 0x0000000745580000, 0x0000000795580000)
  object space 87552K, 5% used [0x0000000740000000,0x00000007404fef70,0x0000000745580000)
 Metaspace       used 10671K, capacity 10874K, committed 11136K, reserved 1058816K
  class space    used 1281K, capacity 1366K, committed 1408K, reserved 1048576K
}
Event: 13.100 GC heap before
{Heap before GC invocations=5 (full 0):
 PSYoungGen      total 71680K, used 71680K [0x0000000795580000, 0x000000079a080000, 0x00000007c0000000)
  eden space 66560K, 100% used [0x0000000795580000,0x0000000799680000,0x0000000799680000)
  from space 5120K, 100% used [0x0000000799b80000,0x000000079a080000,0x000000079a080000)
  to   space 5120K, 0% used [0x0000000799680000,0x0000000799680000,0x0000000799b80000)
 ParOldGen       total 87552K, used 5115K [0x0000000740000000, 0x0000000745580000, 0x0000000795580000)
  object space 87552K, 5% used [0x0000000740000000,0x00000007404fef70,0x0000000745580000)
 Metaspace       used 10740K, capacity 10942K, committed 11136K, reserved 1058816K
  class space    used 1281K, capacity 1366K, committed 1408K, reserved 1048576K
Event: 13.146 GC heap after
Heap after GC invocations=5 (full 0):
 PSYoungGen      total 71680K, used 5104K [0x0000000795580000, 0x000000079ef80000, 0x00000007c0000000)
  eden space 66560K, 0% used [0x0000000795580000,0x0000000795580000,0x0000000799680000)
  from space 5120K, 99% used [0x0000000799680000,0x0000000799b7c010,0x0000000799b80000)
  to   space 12288K, 0% used [0x000000079e380000,0x000000079e380000,0x000000079ef80000)
 ParOldGen       total 87552K, used 13147K [0x0000000740000000, 0x0000000745580000, 0x0000000795580000)
  object space 87552K, 15% used [0x0000000740000000,0x0000000740cd6f70,0x0000000745580000)
 Metaspace       used 10740K, capacity 10942K, committed 11136K, reserved 1058816K
  class space    used 1281K, capacity 1366K, committed 1408K, reserved 1048576K
}
Event: 15.647 GC heap before
{Heap before GC invocations=6 (full 0):
 PSYoungGen      total 71680K, used 71648K [0x0000000795580000, 0x000000079ef80000, 0x00000007c0000000)
  eden space 66560K, 99% used [0x0000000795580000,0x000000079967c290,0x0000000799680000)
  from space 5120K, 99% used [0x0000000799680000,0x0000000799b7c010,0x0000000799b80000)
  to   space 12288K, 0% used [0x000000079e380000,0x000000079e380000,0x000000079ef80000)
 ParOldGen       total 87552K, used 13147K [0x0000000740000000, 0x0000000745580000, 0x0000000795580000)
  object space 87552K, 15% used [0x0000000740000000,0x0000000740cd6f70,0x0000000745580000)
 Metaspace       used 10830K, capacity 11030K, committed 11136K, reserved 1058816K
  class space    used 1294K, capacity 1372K, committed 1408K, reserved 1048576K
Event: 15.686 GC heap after
Heap after GC invocations=6 (full 0):
 PSYoungGen      total 144384K, used 10262K [0x0000000795580000, 0x000000079f180000, 0x00000007c0000000)
  eden space 132096K, 0% used [0x0000000795580000,0x0000000795580000,0x000000079d680000)
  from space 12288K, 83% used [0x000000079e380000,0x000000079ed85ad0,0x000000079ef80000)
  to   space 13312K, 0% used [0x000000079d680000,0x000000079d680000,0x000000079e380000)
 ParOldGen       total 87552K, used 13155K [0x0000000740000000, 0x0000000745580000, 0x0000000795580000)
  object space 87552K, 15% used [0x0000000740000000,0x0000000740cd8f70,0x0000000745580000)
 Metaspace       used 10830K, capacity 11030K, committed 11136K, reserved 1058816K
  class space    used 1294K, capacity 1372K, committed 1408K, reserved 1048576K
}

