# JRE version: Java(TM) SE Runtime Environment (8.0_60-b27) (build 1.8.0_60-b27)
# Java VM: Java HotSpot(TM) 64-Bit Server VM (25.60-b23 mixed mode bsd-amd64 compressed oops)
Heap:
 PSYoungGen      total 443904K, used 408008K [0x0000000795580000, 0x00000007c0000000, 0x00000007c0000000)
  eden space 413184K, 91% used [0x0000000795580000,0x00000007ac5f3720,0x00000007ae900000)
  from space 30720K, 99% used [0x00000007ae900000,0x00000007b06fec98,0x00000007b0700000)
  to   space 40448K, 0% used [0x00000007bd880000,0x00000007bd880000,0x00000007c0000000)
 ParOldGen       total 87552K, used 52961K [0x0000000740000000, 0x0000000745580000, 0x0000000795580000)
  object space 87552K, 60% used [0x0000000740000000,0x00000007433b87d0,0x0000000745580000)
 Metaspace       used 11180K, capacity 11362K, committed 11648K, reserved 1058816K
  class space    used 1296K, capacity 1372K, committed 1408K, reserved 1048576K
GC Heap History (10 events):
Event: 11.516 GC heap before
{Heap before GC invocations=7 (full 0):
 PSYoungGen      total 142336K, used 142312K [0x0000000795580000, 0x000000079ef80000, 0x00000007c0000000)
  eden space 131584K, 100% used [0x0000000795580000,0x000000079d600000,0x000000079d600000)
  from space 10752K, 99% used [0x000000079e200000,0x000000079ec7a058,0x000000079ec80000)
  to   space 12288K, 0% used [0x000000079d600000,0x000000079d600000,0x000000079e200000)
 ParOldGen       total 87552K, used 12548K [0x0000000740000000, 0x0000000745580000, 0x0000000795580000)
  object space 87552K, 14% used [0x0000000740000000,0x0000000740c41350,0x0000000745580000)
 Metaspace       used 10766K, capacity 10942K, committed 11136K, reserved 1058816K
  class space    used 1283K, capacity 1366K, committed 1408K, reserved 1048576K
Event: 11.574 GC heap after
Heap after GC invocations=7 (full 0):
 PSYoungGen      total 143872K, used 12288K [0x0000000795580000, 0x00000007a7580000, 0x00000007c0000000)
  eden space 131584K, 0% used [0x0000000795580000,0x0000000795580000,0x000000079d600000)
  from space 12288K, 100% used [0x000000079d600000,0x000000079e200000,0x000000079e200000)
  to   space 15872K, 0% used [0x00000007a6600000,0x00000007a6600000,0x00000007a7580000)
 ParOldGen       total 87552K, used 16809K [0x0000000740000000, 0x0000000745580000, 0x0000000795580000)
  object space 87552K, 19% used [0x0000000740000000,0x000000074106a7d0,0x0000000745580000)
 Metaspace       used 10766K, capacity 10942K, committed 11136K, reserved 1058816K
  class space    used 1283K, capacity 1366K, committed 1408K, reserved 1048576K
}
Event: 14.611 GC heap before
{Heap before GC invocations=8 (full 0):
 PSYoungGen      total 143872K, used 143872K [0x0000000795580000, 0x00000007a7580000, 0x00000007c0000000)
  eden space 131584K, 100% used [0x0000000795580000,0x000000079d600000,0x000000079d600000)
  from space 12288K, 100% used [0x000000079d600000,0x000000079e200000,0x000000079e200000)
  to   space 15872K, 0% used [0x00000007a6600000,0x00000007a6600000,0x00000007a7580000)
 ParOldGen       total 87552K, used 16809K [0x0000000740000000, 0x0000000745580000, 0x0000000795580000)
  object space 87552K, 19% used [0x0000000740000000,0x000000074106a7d0,0x0000000745580000)
 Metaspace       used 10800K, capacity 11014K, committed 11136K, reserved 1058816K
  class space    used 1283K, capacity 1366K, committed 1408K, reserved 1048576K
Event: 14.655 GC heap after
Heap after GC invocations=8 (full 0):
 PSYoungGen      total 278016K, used 13056K [0x0000000795580000, 0x00000007a7780000, 0x00000007c0000000)
  eden space 262144K, 0% used [0x0000000795580000,0x0000000795580000,0x00000007a5580000)
  from space 15872K, 82% used [0x00000007a6600000,0x00000007a72c0000,0x00000007a7580000)
  to   space 16896K, 0% used [0x00000007a5580000,0x00000007a5580000,0x00000007a6600000)
 ParOldGen       total 87552K, used 16865K [0x0000000740000000, 0x0000000745580000, 0x0000000795580000)
  object space 87552K, 19% used [0x0000000740000000,0x00000007410787d0,0x0000000745580000)
 Metaspace       used 10800K, capacity 11014K, committed 11136K, reserved 1058816K
  class space    used 1283K, capacity 1366K, committed 1408K, reserved 1048576K
}
Event: 20.884 GC heap before
{Heap before GC invocations=9 (full 0):
 PSYoungGen      total 278016K, used 275200K [0x0000000795580000, 0x00000007a7780000, 0x00000007c0000000)
  eden space 262144K, 100% used [0x0000000795580000,0x00000007a5580000,0x00000007a5580000)
  from space 15872K, 82% used [0x00000007a6600000,0x00000007a72c0000,0x00000007a7580000)
  to   space 16896K, 0% used [0x00000007a5580000,0x00000007a5580000,0x00000007a6600000)
 ParOldGen       total 87552K, used 16865K [0x0000000740000000, 0x0000000745580000, 0x0000000795580000)
  object space 87552K, 19% used [0x0000000740000000,0x00000007410787d0,0x0000000745580000)
 Metaspace       used 10859K, capacity 11078K, committed 11392K, reserved 1058816K
  class space    used 1283K, capacity 1366K, committed 1408K, reserved 1048576K
Event: 20.978 GC heap after
Heap after GC invocations=9 (full 0):
 PSYoungGen      total 279040K, used 16865K [0x0000000795580000, 0x00000007b1e80000, 0x00000007c0000000)
  eden space 262144K, 0% used [0x0000000795580000,0x0000000795580000,0x00000007a5580000)
  from space 16896K, 99% used [0x00000007a5580000,0x00000007a65f8750,0x00000007a6600000)
  to   space 24064K, 0% used [0x00000007b0700000,0x00000007b0700000,0x00000007b1e80000)
 ParOldGen       total 87552K, used 29841K [0x0000000740000000, 0x0000000745580000, 0x0000000795580000)
  object space 87552K, 34% used [0x0000000740000000,0x0000000741d247d0,0x0000000745580000)
 Metaspace       used 10859K, capacity 11078K, committed 11392K, reserved 1058816K
  class space    used 1283K, capacity 1366K, committed 1408K, reserved 1048576K
}
Event: 26.431 GC heap before
{Heap before GC invocations=10 (full 0):
 PSYoungGen      total 279040K, used 279009K [0x0000000795580000, 0x00000007b1e80000, 0x00000007c0000000)
  eden space 262144K, 100% used [0x0000000795580000,0x00000007a5580000,0x00000007a5580000)
  from space 16896K, 99% used [0x00000007a5580000,0x00000007a65f8750,0x00000007a6600000)
  to   space 24064K, 0% used [0x00000007b0700000,0x00000007b0700000,0x00000007b1e80000)
 ParOldGen       total 87552K, used 29841K [0x0000000740000000, 0x0000000745580000, 0x0000000795580000)
  object space 87552K, 34% used [0x0000000740000000,0x0000000741d247d0,0x0000000745580000)
 Metaspace       used 11014K, capacity 11230K, committed 11392K, reserved 1058816K
  class space    used 1296K, capacity 1372K, committed 1408K, reserved 1048576K
Event: 26.572 GC heap after
Heap after GC invocations=10 (full 0):
 PSYoungGen      total 437248K, used 24061K [0x0000000795580000, 0x00000007b2b80000, 0x00000007c0000000)
  eden space 413184K, 0% used [0x0000000795580000,0x0000000795580000,0x00000007ae900000)
  from space 24064K, 99% used [0x00000007b0700000,0x00000007b1e7f548,0x00000007b1e80000)
  to   space 30720K, 0% used [0x00000007ae900000,0x00000007ae900000,0x00000007b0700000)
 ParOldGen       total 87552K, used 38305K [0x0000000740000000, 0x0000000745580000, 0x0000000795580000)
  object space 87552K, 43% used [0x0000000740000000,0x00000007425687d0,0x0000000745580000)
 Metaspace       used 11014K, capacity 11230K, committed 11392K, reserved 1058816K
  class space    used 1296K, capacity 1372K, committed 1408K, reserved 1048576K
}
Event: 35.956 GC heap before
{Heap before GC invocations=11 (full 0):
 PSYoungGen      total 437248K, used 437245K [0x0000000795580000, 0x00000007b2b80000, 0x00000007c0000000)
  eden space 413184K, 100% used [0x0000000795580000,0x00000007ae900000,0x00000007ae900000)
  from space 24064K, 99% used [0x00000007b0700000,0x00000007b1e7f548,0x00000007b1e80000)
  to   space 30720K, 0% used [0x00000007ae900000,0x00000007ae900000,0x00000007b0700000)
 ParOldGen       total 87552K, used 38305K [0x0000000740000000, 0x0000000745580000, 0x0000000795580000)
  object space 87552K, 43% used [0x0000000740000000,0x00000007425687d0,0x0000000745580000)
 Metaspace       used 11126K, capacity 11294K, committed 11392K, reserved 1058816K
  class space    used 1296K, capacity 1372K, committed 1408K, reserved 1048576K
Event: 36.098 GC heap after
Heap after GC invocations=11 (full 0):
 PSYoungGen      total 443904K, used 30715K [0x0000000795580000, 0x00000007c0000000, 0x00000007c0000000)
  eden space 413184K, 0% used [0x0000000795580000,0x0000000795580000,0x00000007ae900000)
  from space 30720K, 99% used [0x00000007ae900000,0x00000007b06fec98,0x00000007b0700000)
  to   space 40448K, 0% used [0x00000007bd880000,0x00000007bd880000,0x00000007c0000000)
 ParOldGen       total 87552K, used 52961K [0x0000000740000000, 0x0000000745580000, 0x0000000795580000)
  object space 87552K, 60% used [0x0000000740000000,0x00000007433b87d0,0x0000000745580000)
 Metaspace       used 11126K, capacity 11294K, committed 11392K, reserved 1058816K
  class space    used 1296K, capacity 1372K, committed 1408K, reserved 1048576K
}

