# JRE version: Java(TM) SE Runtime Environment (8.0_60-b27) (build 1.8.0_60-b27)
# Java VM: Java HotSpot(TM) 64-Bit Server VM (25.60-b23 mixed mode bsd-amd64 compressed oops)
Heap:
 PSYoungGen      total 143872K, used 75845K [0x0000000795580000, 0x000000079f080000, 0x00000007c0000000)
  eden space 132096K, 48% used [0x0000000795580000,0x0000000799485718,0x000000079d680000)
  from space 11776K, 96% used [0x000000079e300000,0x000000079ee0c010,0x000000079ee80000)
  to   space 12800K, 0% used [0x000000079d680000,0x000000079d680000,0x000000079e300000)
 ParOldGen       total 87552K, used 16502K [0x0000000740000000, 0x0000000745580000, 0x0000000795580000)
  object space 87552K, 18% used [0x0000000740000000,0x000000074101d950,0x0000000745580000)
 Metaspace       used 10853K, capacity 11038K, committed 11136K, reserved 1058816K
  class space    used 1294K, capacity 1372K, committed 1408K, reserved 1048576K
GC Heap History (10 events):
Event: 5.832 GC heap before
{Heap before GC invocations=2 (full 0):
 PSYoungGen      total 38400K, used 38398K [0x0000000795580000, 0x0000000798000000, 0x00000007c0000000)
  eden space 33280K, 100% used [0x0000000795580000,0x0000000797600000,0x0000000797600000)
  from space 5120K, 99% used [0x0000000797600000,0x0000000797affbf8,0x0000000797b00000)
  to   space 5120K, 0% used [0x0000000797b00000,0x0000000797b00000,0x0000000798000000)
 ParOldGen       total 87552K, used 2046K [0x0000000740000000, 0x0000000745580000, 0x0000000795580000)
  object space 87552K, 2% used [0x0000000740000000,0x00000007401ffa68,0x0000000745580000)
 Metaspace       used 10533K, capacity 10714K, committed 10880K, reserved 1058816K
  class space    used 1258K, capacity 1334K, committed 1408K, reserved 1048576K
Event: 5.870 GC heap after
Heap after GC invocations=2 (full 0):
 PSYoungGen      total 38400K, used 5093K [0x0000000795580000, 0x000000079a080000, 0x00000007c0000000)
  eden space 33280K, 0% used [0x0000000795580000,0x0000000795580000,0x0000000797600000)
  from space 5120K, 99% used [0x0000000797b00000,0x0000000797ff9750,0x0000000798000000)
  to   space 5120K, 0% used [0x0000000797600000,0x0000000797600000,0x0000000797b00000)
 ParOldGen       total 87552K, used 4374K [0x0000000740000000, 0x0000000745580000, 0x0000000795580000)
  object space 87552K, 4% used [0x0000000740000000,0x0000000740445a68,0x0000000745580000)
 Metaspace       used 10533K, capacity 10714K, committed 10880K, reserved 1058816K
  class space    used 1258K, capacity 1334K, committed 1408K, reserved 1048576K
}
Event: 7.170 GC heap before
{Heap before GC invocations=3 (full 0):
 PSYoungGen      total 38400K, used 38373K [0x0000000795580000, 0x000000079a080000, 0x00000007c0000000)
  eden space 33280K, 100% used [0x0000000795580000,0x0000000797600000,0x0000000797600000)
  from space 5120K, 99% used [0x0000000797b00000,0x0000000797ff9750,0x0000000798000000)
  to   space 5120K, 0% used [0x0000000797600000,0x0000000797600000,0x0000000797b00000)
 ParOldGen       total 87552K, used 4486K [0x0000000740000000, 0x0000000745580000, 0x0000000795580000)
  object space 87552K, 5% used [0x0000000740000000,0x0000000740461950,0x0000000745580000)
 Metaspace       used 10644K, capacity 10842K, committed 11136K, reserved 1058816K
  class space    used 1276K, capacity 1334K, committed 1408K, reserved 1048576K
Event: 7.196 GC heap after
Heap after GC invocations=3 (full 0):
 PSYoungGen      total 38400K, used 5107K [0x0000000795580000, 0x000000079a080000, 0x00000007c0000000)
  eden space 33280K, 0% used [0x0000000795580000,0x0000000795580000,0x0000000797600000)
  from space 5120K, 99% used [0x0000000797600000,0x0000000797afcf68,0x0000000797b00000)
  to   space 5120K, 0% used [0x0000000799b80000,0x0000000799b80000,0x000000079a080000)
 ParOldGen       total 87552K, used 6278K [0x0000000740000000, 0x0000000745580000, 0x0000000795580000)
  object space 87552K, 7% used [0x0000000740000000,0x0000000740621950,0x0000000745580000)
 Metaspace       used 10644K, capacity 10842K, committed 11136K, reserved 1058816K
  class space    used 1276K, capacity 1334K, committed 1408K, reserved 1048576K
}
Event: 8.524 GC heap before
{Heap before GC invocations=4 (full 0):
 PSYoungGen      total 38400K, used 38387K [0x0000000795580000, 0x000000079a080000, 0x00000007c0000000)
  eden space 33280K, 100% used [0x0000000795580000,0x0000000797600000,0x0000000797600000)
  from space 5120K, 99% used [0x0000000797600000,0x0000000797afcf68,0x0000000797b00000)
  to   space 5120K, 0% used [0x0000000799b80000,0x0000000799b80000,0x000000079a080000)
 ParOldGen       total 87552K, used 6278K [0x0000000740000000, 0x0000000745580000, 0x0000000795580000)
  object space 87552K, 7% used [0x0000000740000000,0x0000000740621950,0x0000000745580000)
 Metaspace       used 10677K, capacity 10874K, committed 11136K, reserved 1058816K
  class space    used 1281K, capacity 1366K, committed 1408K, reserved 1048576K
Event: 8.553 GC heap after
Heap after GC invocations=4 (full 0):
 PSYoungGen      total 71680K, used 5115K [0x0000000795580000, 0x000000079a080000, 0x00000007c0000000)
  eden space 66560K, 0% used [0x0000000795580000,0x0000000795580000,0x0000000799680000)
  from space 5120K, 99% used [0x0000000799b80000,0x000000079a07ee38,0x000000079a080000)
  to   space 5120K, 0% used [0x0000000799680000,0x0000000799680000,0x0000000799b80000)
 ParOldGen       total 87552K, used 9678K [0x0000000740000000, 0x0000000745580000, 0x0000000795580000)
  object space 87552K, 11% used [0x0000000740000000,0x0000000740973950,0x0000000745580000)
 Metaspace       used 10677K, capacity 10874K, committed 11136K, reserved 1058816K
  class space    used 1281K, capacity 1366K, committed 1408K, reserved 1048576K
}
Event: 11.100 GC heap before
{Heap before GC invocations=5 (full 0):
 PSYoungGen      total 71680K, used 71675K [0x0000000795580000, 0x000000079a080000, 0x00000007c0000000)
  eden space 66560K, 100% used [0x0000000795580000,0x0000000799680000,0x0000000799680000)
  from space 5120K, 99% used [0x0000000799b80000,0x000000079a07ee38,0x000000079a080000)
  to   space 5120K, 0% used [0x0000000799680000,0x0000000799680000,0x0000000799b80000)
 ParOldGen       total 87552K, used 9678K [0x0000000740000000, 0x0000000745580000, 0x0000000795580000)
  object space 87552K, 11% used [0x0000000740000000,0x0000000740973950,0x0000000745580000)
 Metaspace       used 10789K, capacity 10966K, committed 11136K, reserved 1058816K
  class space    used 1294K, capacity 1372K, committed 1408K, reserved 1048576K
Event: 11.151 GC heap after
Heap after GC invocations=5 (full 0):
 PSYoungGen      total 71680K, used 5120K [0x0000000795580000, 0x000000079ee80000, 0x00000007c0000000)
  eden space 66560K, 0% used [0x0000000795580000,0x0000000795580000,0x0000000799680000)
  from space 5120K, 100% used [0x0000000799680000,0x0000000799b80000,0x0000000799b80000)
  to   space 11776K, 0% used [0x000000079e300000,0x000000079e300000,0x000000079ee80000)
 ParOldGen       total 87552K, used 16494K [0x0000000740000000, 0x0000000745580000, 0x0000000795580000)
  object space 87552K, 18% used [0x0000000740000000,0x000000074101b950,0x0000000745580000)
 Metaspace       used 10789K, capacity 10966K, committed 11136K, reserved 1058816K
  class space    used 1294K, capacity 1372K, committed 1408K, reserved 1048576K
}
Event: 13.493 GC heap before
{Heap before GC invocations=6 (full 0):
 PSYoungGen      total 71680K, used 71680K [0x0000000795580000, 0x000000079ee80000, 0x00000007c0000000)
  eden space 66560K, 100% used [0x0000000795580000,0x0000000799680000,0x0000000799680000)
  from space 5120K, 100% used [0x0000000799680000,0x0000000799b80000,0x0000000799b80000)
  to   space 11776K, 0% used [0x000000079e300000,0x000000079e300000,0x000000079ee80000)
 ParOldGen       total 87552K, used 16494K [0x0000000740000000, 0x0000000745580000, 0x0000000795580000)
  object space 87552K, 18% used [0x0000000740000000,0x000000074101b950,0x0000000745580000)
 Metaspace       used 10827K, capacity 11038K, committed 11136K, reserved 1058816K
  class space    used 1294K, capacity 1372K, committed 1408K, reserved 1048576K
Event: 13.541 GC heap after
Heap after GC invocations=6 (full 0):
 PSYoungGen      total 143872K, used 11312K [0x0000000795580000, 0x000000079f080000, 0x00000007c0000000)
  eden space 132096K, 0% used [0x0000000795580000,0x0000000795580000,0x000000079d680000)
  from space 11776K, 96% used [0x000000079e300000,0x000000079ee0c010,0x000000079ee80000)
  to   space 12800K, 0% used [0x000000079d680000,0x000000079d680000,0x000000079e300000)
 ParOldGen       total 87552K, used 16502K [0x0000000740000000, 0x0000000745580000, 0x0000000795580000)
  object space 87552K, 18% used [0x0000000740000000,0x000000074101d950,0x0000000745580000)
 Metaspace       used 10827K, capacity 11038K, committed 11136K, reserved 1058816K
  class space    used 1294K, capacity 1372K, committed 1408K, reserved 1048576K
}

