# JRE version: Java(TM) SE Runtime Environment (8.0_60-b27) (build 1.8.0_60-b27)
# Java VM: Java HotSpot(TM) 64-Bit Server VM (25.60-b23 mixed mode bsd-amd64 compressed oops)
Heap:
 PSYoungGen      total 279040K, used 146117K [0x0000000795580000, 0x00000007b1380000, 0x00000007c0000000)
  eden space 264192K, 49% used [0x0000000795580000,0x000000079d5b7d58,0x00000007a5780000)
  from space 14848K, 99% used [0x00000007a5780000,0x00000007a65f9970,0x00000007a6600000)
  to   space 16896K, 0% used [0x00000007b0300000,0x00000007b0300000,0x00000007b1380000)
 ParOldGen       total 87552K, used 11949K [0x0000000740000000, 0x0000000745580000, 0x0000000795580000)
  object space 87552K, 13% used [0x0000000740000000,0x0000000740bab480,0x0000000745580000)
 Metaspace       used 10802K, capacity 10986K, committed 11136K, reserved 1058816K
  class space    used 1267K, capacity 1336K, committed 1408K, reserved 1048576K
GC Heap History (10 events):
Event: 6.357 GC heap before
{Heap before GC invocations=5 (full 0):
 PSYoungGen      total 71680K, used 71183K [0x0000000795580000, 0x000000079a080000, 0x00000007c0000000)
  eden space 66560K, 99% used [0x0000000795580000,0x000000079960bd80,0x0000000799680000)
  from space 5120K, 99% used [0x0000000799b80000,0x000000079a078180,0x000000079a080000)
  to   space 5120K, 0% used [0x0000000799680000,0x0000000799680000,0x0000000799b80000)
 ParOldGen       total 87552K, used 3136K [0x0000000740000000, 0x0000000745580000, 0x0000000795580000)
  object space 87552K, 3% used [0x0000000740000000,0x0000000740310000,0x0000000745580000)
 Metaspace       used 10594K, capacity 10778K, committed 11136K, reserved 1058816K
  class space    used 1265K, capacity 1334K, committed 1408K, reserved 1048576K
Event: 6.383 GC heap after
Heap after GC invocations=5 (full 0):
 PSYoungGen      total 71680K, used 5095K [0x0000000795580000, 0x000000079ed80000, 0x00000007c0000000)
  eden space 66560K, 0% used [0x0000000795580000,0x0000000795580000,0x0000000799680000)
  from space 5120K, 99% used [0x0000000799680000,0x0000000799b79ee0,0x0000000799b80000)
  to   space 11264K, 0% used [0x000000079e280000,0x000000079e280000,0x000000079ed80000)
 ParOldGen       total 87552K, used 9016K [0x0000000740000000, 0x0000000745580000, 0x0000000795580000)
  object space 87552K, 10% used [0x0000000740000000,0x00000007408ce000,0x0000000745580000)
 Metaspace       used 10594K, capacity 10778K, committed 11136K, reserved 1058816K
  class space    used 1265K, capacity 1334K, committed 1408K, reserved 1048576K
}
Event: 7.745 GC heap before
{Heap before GC invocations=6 (full 0):
 PSYoungGen      total 71680K, used 70673K [0x0000000795580000, 0x000000079ed80000, 0x00000007c0000000)
  eden space 66560K, 98% used [0x0000000795580000,0x000000079958a6b0,0x0000000799680000)
  from space 5120K, 99% used [0x0000000799680000,0x0000000799b79ee0,0x0000000799b80000)
  to   space 11264K, 0% used [0x000000079e280000,0x000000079e280000,0x000000079ed80000)
 ParOldGen       total 87552K, used 9016K [0x0000000740000000, 0x0000000745580000, 0x0000000795580000)
  object space 87552K, 10% used [0x0000000740000000,0x00000007408ce000,0x0000000745580000)
 Metaspace       used 10622K, capacity 10782K, committed 11136K, reserved 1058816K
  class space    used 1265K, capacity 1334K, committed 1408K, reserved 1048576K
Event: 7.773 GC heap after
Heap after GC invocations=6 (full 0):
 PSYoungGen      total 143360K, used 10293K [0x0000000795580000, 0x000000079ef80000, 0x00000007c0000000)
  eden space 132096K, 0% used [0x0000000795580000,0x0000000795580000,0x000000079d680000)
  from space 11264K, 91% used [0x000000079e280000,0x000000079ec8d4e0,0x000000079ed80000)
  to   space 12288K, 0% used [0x000000079d680000,0x000000079d680000,0x000000079e280000)
 ParOldGen       total 87552K, used 9024K [0x0000000740000000, 0x0000000745580000, 0x0000000795580000)
  object space 87552K, 10% used [0x0000000740000000,0x00000007408d0000,0x0000000745580000)
 Metaspace       used 10622K, capacity 10782K, committed 11136K, reserved 1058816K
  class space    used 1265K, capacity 1334K, committed 1408K, reserved 1048576K
}
Event: 10.922 GC heap before
{Heap before GC invocations=7 (full 0):
 PSYoungGen      total 143360K, used 141872K [0x0000000795580000, 0x000000079ef80000, 0x00000007c0000000)
  eden space 132096K, 99% used [0x0000000795580000,0x000000079d5febe8,0x000000079d680000)
  from space 11264K, 91% used [0x000000079e280000,0x000000079ec8d4e0,0x000000079ed80000)
  to   space 12288K, 0% used [0x000000079d680000,0x000000079d680000,0x000000079e280000)
 ParOldGen       total 87552K, used 9024K [0x0000000740000000, 0x0000000745580000, 0x0000000795580000)
  object space 87552K, 10% used [0x0000000740000000,0x00000007408d0000,0x0000000745580000)
 Metaspace       used 10683K, capacity 10850K, committed 11136K, reserved 1058816K
  class space    used 1267K, capacity 1336K, committed 1408K, reserved 1048576K
Event: 10.967 GC heap after
Heap after GC invocations=7 (full 0):
 PSYoungGen      total 144384K, used 12272K [0x0000000795580000, 0x00000007a7580000, 0x00000007c0000000)
  eden space 132096K, 0% used [0x0000000795580000,0x0000000795580000,0x000000079d680000)
  from space 12288K, 99% used [0x000000079d680000,0x000000079e27c058,0x000000079e280000)
  to   space 15360K, 0% used [0x00000007a6680000,0x00000007a6680000,0x00000007a7580000)
 ParOldGen       total 87552K, used 11429K [0x0000000740000000, 0x0000000745580000, 0x0000000795580000)
  object space 87552K, 13% used [0x0000000740000000,0x0000000740b29480,0x0000000745580000)
 Metaspace       used 10683K, capacity 10850K, committed 11136K, reserved 1058816K
  class space    used 1267K, capacity 1336K, committed 1408K, reserved 1048576K
}
Event: 13.609 GC heap before
{Heap before GC invocations=8 (full 0):
 PSYoungGen      total 144384K, used 144368K [0x0000000795580000, 0x00000007a7580000, 0x00000007c0000000)
  eden space 132096K, 100% used [0x0000000795580000,0x000000079d680000,0x000000079d680000)
  from space 12288K, 99% used [0x000000079d680000,0x000000079e27c058,0x000000079e280000)
  to   space 15360K, 0% used [0x00000007a6680000,0x00000007a6680000,0x00000007a7580000)
 ParOldGen       total 87552K, used 11429K [0x0000000740000000, 0x0000000745580000, 0x0000000795580000)
  object space 87552K, 13% used [0x0000000740000000,0x0000000740b29480,0x0000000745580000)
 Metaspace       used 10713K, capacity 10922K, committed 11136K, reserved 1058816K
  class space    used 1267K, capacity 1336K, committed 1408K, reserved 1048576K
Event: 13.631 GC heap after
Heap after GC invocations=8 (full 0):
 PSYoungGen      total 278528K, used 9028K [0x0000000795580000, 0x00000007a7480000, 0x00000007c0000000)
  eden space 264192K, 0% used [0x0000000795580000,0x0000000795580000,0x00000007a5780000)
  from space 14336K, 62% used [0x00000007a6680000,0x00000007a6f51070,0x00000007a7480000)
  to   space 14848K, 0% used [0x00000007a5780000,0x00000007a5780000,0x00000007a6600000)
 ParOldGen       total 87552K, used 11485K [0x0000000740000000, 0x0000000745580000, 0x0000000795580000)
  object space 87552K, 13% used [0x0000000740000000,0x0000000740b37480,0x0000000745580000)
 Metaspace       used 10713K, capacity 10922K, committed 11136K, reserved 1058816K
  class space    used 1267K, capacity 1336K, committed 1408K, reserved 1048576K
}
Event: 19.107 GC heap before
{Heap before GC invocations=9 (full 0):
 PSYoungGen      total 278528K, used 273220K [0x0000000795580000, 0x00000007a7480000, 0x00000007c0000000)
  eden space 264192K, 100% used [0x0000000795580000,0x00000007a5780000,0x00000007a5780000)
  from space 14336K, 62% used [0x00000007a6680000,0x00000007a6f51070,0x00000007a7480000)
  to   space 14848K, 0% used [0x00000007a5780000,0x00000007a5780000,0x00000007a6600000)
 ParOldGen       total 87552K, used 11485K [0x0000000740000000, 0x0000000745580000, 0x0000000795580000)
  object space 87552K, 13% used [0x0000000740000000,0x0000000740b37480,0x0000000745580000)
 Metaspace       used 10782K, capacity 10986K, committed 11136K, reserved 1058816K
  class space    used 1267K, capacity 1336K, committed 1408K, reserved 1048576K
Event: 19.155 GC heap after
Heap after GC invocations=9 (full 0):
 PSYoungGen      total 279040K, used 14822K [0x0000000795580000, 0x00000007b1380000, 0x00000007c0000000)
  eden space 264192K, 0% used [0x0000000795580000,0x0000000795580000,0x00000007a5780000)
  from space 14848K, 99% used [0x00000007a5780000,0x00000007a65f9970,0x00000007a6600000)
  to   space 16896K, 0% used [0x00000007b0300000,0x00000007b0300000,0x00000007b1380000)
 ParOldGen       total 87552K, used 11949K [0x0000000740000000, 0x0000000745580000, 0x0000000795580000)
  object space 87552K, 13% used [0x0000000740000000,0x0000000740bab480,0x0000000745580000)
 Metaspace       used 10782K, capacity 10986K, committed 11136K, reserved 1058816K
  class space    used 1267K, capacity 1336K, committed 1408K, reserved 1048576K
}

