# JRE version: Java(TM) SE Runtime Environment (8.0_60-b27) (build 1.8.0_60-b27)
# Java VM: Java HotSpot(TM) 64-Bit Server VM (25.60-b23 mixed mode bsd-amd64 compressed oops)
Heap:
 PSYoungGen      total 606208K, used 459011K [0x0000000795580000, 0x00000007c0000000, 0x00000007c0000000)
  eden space 529920K, 72% used [0x0000000795580000,0x00000007acb94f58,0x00000007b5b00000)
  from space 76288K, 99% used [0x00000007b5b00000,0x00000007ba52c0a0,0x00000007ba580000)
  to   space 92672K, 0% used [0x00000007ba580000,0x00000007ba580000,0x00000007c0000000)
 ParOldGen       total 167424K, used 126047K [0x0000000740000000, 0x000000074a380000, 0x0000000795580000)
  object space 167424K, 75% used [0x0000000740000000,0x0000000747b17e80,0x000000074a380000)
 Metaspace       used 12162K, capacity 12418K, committed 12800K, reserved 1060864K
  class space    used 1340K, capacity 1424K, committed 1536K, reserved 1048576K
GC Heap History (10 events):
Event: 29.066 GC heap before
{Heap before GC invocations=12 (full 1):
 PSYoungGen      total 449024K, used 31231K [0x0000000795580000, 0x00000007c0000000, 0x00000007c0000000)
  eden space 417792K, 0% used [0x0000000795580000,0x0000000795580000,0x00000007aed80000)
  from space 31232K, 99% used [0x00000007aed80000,0x00000007b0bffef8,0x00000007b0c00000)
  to   space 48128K, 0% used [0x00000007bd100000,0x00000007bd100000,0x00000007c0000000)
 ParOldGen       total 91136K, used 91133K [0x0000000740000000, 0x0000000745900000, 0x0000000795580000)
  object space 91136K, 99% used [0x0000000740000000,0x00000007458ff500,0x0000000745900000)
 Metaspace       used 11864K, capacity 12034K, committed 12288K, reserved 1060864K
  class space    used 1339K, capacity 1424K, committed 1536K, reserved 1048576K
Event: 29.811 GC heap after
Heap after GC invocations=12 (full 1):
 PSYoungGen      total 449024K, used 1022K [0x0000000795580000, 0x00000007c0000000, 0x00000007c0000000)
  eden space 417792K, 0% used [0x0000000795580000,0x0000000795580000,0x00000007aed80000)
  from space 31232K, 3% used [0x00000007aed80000,0x00000007aee7f918,0x00000007b0c00000)
  to   space 48128K, 0% used [0x00000007bd100000,0x00000007bd100000,0x00000007c0000000)
 ParOldGen       total 167424K, used 90829K [0x0000000740000000, 0x000000074a380000, 0x0000000795580000)
  object space 167424K, 54% used [0x0000000740000000,0x00000007458b3718,0x000000074a380000)
 Metaspace       used 11864K, capacity 12034K, committed 12288K, reserved 1060864K
  class space    used 1339K, capacity 1424K, committed 1536K, reserved 1048576K
}
Event: 36.263 GC heap before
{Heap before GC invocations=13 (full 1):
 PSYoungGen      total 449024K, used 418814K [0x0000000795580000, 0x00000007c0000000, 0x00000007c0000000)
  eden space 417792K, 100% used [0x0000000795580000,0x00000007aed80000,0x00000007aed80000)
  from space 31232K, 3% used [0x00000007aed80000,0x00000007aee7f918,0x00000007b0c00000)
  to   space 48128K, 0% used [0x00000007bd100000,0x00000007bd100000,0x00000007c0000000)
 ParOldGen       total 167424K, used 90874K [0x0000000740000000, 0x000000074a380000, 0x0000000795580000)
  object space 167424K, 54% used [0x0000000740000000,0x00000007458be808,0x000000074a380000)
 Metaspace       used 11886K, capacity 12162K, committed 12544K, reserved 1060864K
  class space    used 1339K, capacity 1424K, committed 1536K, reserved 1048576K
Event: 36.440 GC heap after
Heap after GC invocations=13 (full 1):
 PSYoungGen      total 585728K, used 48121K [0x0000000795580000, 0x00000007c0000000, 0x00000007c0000000)
  eden space 537600K, 0% used [0x0000000795580000,0x0000000795580000,0x00000007b6280000)
  from space 48128K, 99% used [0x00000007bd100000,0x00000007bfffe688,0x00000007c0000000)
  to   space 56832K, 0% used [0x00000007b9100000,0x00000007b9100000,0x00000007bc880000)
 ParOldGen       total 167424K, used 94018K [0x0000000740000000, 0x000000074a380000, 0x0000000795580000)
  object space 167424K, 56% used [0x0000000740000000,0x0000000745bd0808,0x000000074a380000)
 Metaspace       used 11886K, capacity 12162K, committed 12544K, reserved 1060864K
  class space    used 1339K, capacity 1424K, committed 1536K, reserved 1048576K
}
Event: 44.065 GC heap before
{Heap before GC invocations=14 (full 1):
 PSYoungGen      total 585728K, used 585721K [0x0000000795580000, 0x00000007c0000000, 0x00000007c0000000)
  eden space 537600K, 100% used [0x0000000795580000,0x00000007b6280000,0x00000007b6280000)
  from space 48128K, 99% used [0x00000007bd100000,0x00000007bfffe688,0x00000007c0000000)
  to   space 56832K, 0% used [0x00000007b9100000,0x00000007b9100000,0x00000007bc880000)
 ParOldGen       total 167424K, used 94018K [0x0000000740000000, 0x000000074a380000, 0x0000000795580000)
  object space 167424K, 56% used [0x0000000740000000,0x0000000745bd0808,0x000000074a380000)
 Metaspace       used 11987K, capacity 12226K, committed 12544K, reserved 1060864K
  class space    used 1339K, capacity 1424K, committed 1536K, reserved 1048576K
Event: 44.309 GC heap after
Heap after GC invocations=14 (full 1):
 PSYoungGen      total 642048K, used 56805K [0x0000000795580000, 0x00000007c0000000, 0x00000007c0000000)
  eden space 585216K, 0% used [0x0000000795580000,0x0000000795580000,0x00000007b9100000)
  from space 56832K, 99% used [0x00000007b9100000,0x00000007bc879738,0x00000007bc880000)
  to   space 56832K, 0% used [0x00000007bc880000,0x00000007bc880000,0x00000007c0000000)
 ParOldGen       total 167424K, used 97439K [0x0000000740000000, 0x000000074a380000, 0x0000000795580000)
  object space 167424K, 58% used [0x0000000740000000,0x0000000745f27e80,0x000000074a380000)
 Metaspace       used 11987K, capacity 12226K, committed 12544K, reserved 1060864K
  class space    used 1339K, capacity 1424K, committed 1536K, reserved 1048576K
}
Event: 55.469 GC heap before
{Heap before GC invocations=15 (full 1):
 PSYoungGen      total 642048K, used 642021K [0x0000000795580000, 0x00000007c0000000, 0x00000007c0000000)
  eden space 585216K, 100% used [0x0000000795580000,0x00000007b9100000,0x00000007b9100000)
  from space 56832K, 99% used [0x00000007b9100000,0x00000007bc879738,0x00000007bc880000)
  to   space 56832K, 0% used [0x00000007bc880000,0x00000007bc880000,0x00000007c0000000)
 ParOldGen       total 167424K, used 97439K [0x0000000740000000, 0x000000074a380000, 0x0000000795580000)
  object space 167424K, 58% used [0x0000000740000000,0x0000000745f27e80,0x000000074a380000)
 Metaspace       used 12057K, capacity 12290K, committed 12544K, reserved 1060864K
  class space    used 1340K, capacity 1424K, committed 1536K, reserved 1048576K
Event: 55.763 GC heap after
Heap after GC invocations=15 (full 1):
 PSYoungGen      total 586752K, used 56818K [0x0000000795580000, 0x00000007c0000000, 0x00000007c0000000)
  eden space 529920K, 0% used [0x0000000795580000,0x0000000795580000,0x00000007b5b00000)
  from space 56832K, 99% used [0x00000007bc880000,0x00000007bfffcba0,0x00000007c0000000)
  to   space 84480K, 0% used [0x00000007b5b00000,0x00000007b5b00000,0x00000007bad80000)
 ParOldGen       total 167424K, used 125343K [0x0000000740000000, 0x000000074a380000, 0x0000000795580000)
  object space 167424K, 74% used [0x0000000740000000,0x0000000747a67e80,0x000000074a380000)
 Metaspace       used 12057K, capacity 12290K, committed 12544K, reserved 1060864K
  class space    used 1340K, capacity 1424K, committed 1536K, reserved 1048576K
}
Event: 66.605 GC heap before
{Heap before GC invocations=16 (full 1):
 PSYoungGen      total 586752K, used 586738K [0x0000000795580000, 0x00000007c0000000, 0x00000007c0000000)
  eden space 529920K, 100% used [0x0000000795580000,0x00000007b5b00000,0x00000007b5b00000)
  from space 56832K, 99% used [0x00000007bc880000,0x00000007bfffcba0,0x00000007c0000000)
  to   space 84480K, 0% used [0x00000007b5b00000,0x00000007b5b00000,0x00000007bad80000)
 ParOldGen       total 167424K, used 125343K [0x0000000740000000, 0x000000074a380000, 0x0000000795580000)
  object space 167424K, 74% used [0x0000000740000000,0x0000000747a67e80,0x000000074a380000)
 Metaspace       used 12158K, capacity 12418K, committed 12800K, reserved 1060864K
  class space    used 1340K, capacity 1424K, committed 1536K, reserved 1048576K
Event: 66.794 GC heap after
Heap after GC invocations=16 (full 1):
 PSYoungGen      total 606208K, used 75952K [0x0000000795580000, 0x00000007c0000000, 0x00000007c0000000)
  eden space 529920K, 0% used [0x0000000795580000,0x0000000795580000,0x00000007b5b00000)
  from space 76288K, 99% used [0x00000007b5b00000,0x00000007ba52c0a0,0x00000007ba580000)
  to   space 92672K, 0% used [0x00000007ba580000,0x00000007ba580000,0x00000007c0000000)
 ParOldGen       total 167424K, used 126047K [0x0000000740000000, 0x000000074a380000, 0x0000000795580000)
  object space 167424K, 75% used [0x0000000740000000,0x0000000747b17e80,0x000000074a380000)
 Metaspace       used 12158K, capacity 12418K, committed 12800K, reserved 1060864K
  class space    used 1340K, capacity 1424K, committed 1536K, reserved 1048576K
}

